<?xml version="1.0" encoding="UTF-8"?>
<!-- Generated by org.testng.reporters.JUnitXMLReporter -->
<testsuite ignored="0" hostname="Binitas-MBP.attlocal.net" failures="5" tests="6" name="Search Functionality Smoke Test" time="33.525" errors="0" timestamp="2024-06-24T16:26:20 GMT-07:00">
  <testcase classname="testNGbasics.DataDriverTesting" name="positiveMenuLinkFunctionalityTest" time="1.412">
    <failure type="java.lang.AssertionError" message="expected [true] but found [false]">
      <![CDATA[java.lang.AssertionError: expected [true] but found [false]
at testNGbasics.DataDriverTesting.positiveMenuLinkFunctionalityTest(DataDriverTesting.java:76)
at java.base/java.util.ArrayList.forEach(ArrayList.java:1511)
... Removed 31 stack frames]]>
    </failure>
  </testcase> <!-- positiveMenuLinkFunctionalityTest -->
  <testcase classname="testNGbasics.DataDriverTesting" name="positiveMenuLinkFunctionalityTest" time="15.064">
    <failure type="org.openqa.selenium.NoSuchElementException" message="no such element: Unable to locate element: {&amp;quot;method&amp;quot;:&amp;quot;link text&amp;quot;,&amp;quot;selector&amp;quot;:&amp;quot; New Releases&amp;quot;}
  (Session info: chrome=126.0.6478.114)
For documentation on this error, please visit: https://www.selenium.dev/documentation/webdriver/troubleshooting/errors#no-such-element-exception
Build info: version: &amp;apos;4.21.0&amp;apos;, revision: &amp;apos;79ed462ef4&amp;apos;
System info: os.name: &amp;apos;Mac OS X&amp;apos;, os.arch: &amp;apos;aarch64&amp;apos;, os.version: &amp;apos;14.5&amp;apos;, java.version: &amp;apos;17.0.10&amp;apos;
Driver info: org.openqa.selenium.chrome.ChromeDriver
Command: [a4606d394898423a120a447937cb2aff, findElement {using=link text, value= New Releases}]
Capabilities {acceptInsecureCerts: false, browserName: chrome, browserVersion: 126.0.6478.114, chrome: {chromedriverVersion: 126.0.6478.61 (8dc092df54ce..., userDataDir: /var/folders/7d/nv07139j4pd...}, fedcm:accounts: true, goog:chromeOptions: {debuggerAddress: localhost:55642}, networkConnectionEnabled: false, pageLoadStrategy: normal, platformName: mac, proxy: Proxy(), se:cdp: ws://localhost:55642/devtoo..., se:cdpVersion: 126.0.6478.114, setWindowRect: true, strictFileInteractability: false, timeouts: {implicit: 0, pageLoad: 300000, script: 30000}, unhandledPromptBehavior: dismiss and notify, webauthn:extension:credBlob: true, webauthn:extension:largeBlob: true, webauthn:extension:minPinLength: true, webauthn:extension:prf: true, webauthn:virtualAuthenticators: true}
Session ID: a4606d394898423a120a447937cb2aff">
      <![CDATA[org.openqa.selenium.NoSuchElementException: no such element: Unable to locate element: {"method":"link text","selector":" New Releases"}
  (Session info: chrome=126.0.6478.114)
For documentation on this error, please visit: https://www.selenium.dev/documentation/webdriver/troubleshooting/errors#no-such-element-exception
Build info: version: '4.21.0', revision: '79ed462ef4'
System info: os.name: 'Mac OS X', os.arch: 'aarch64', os.version: '14.5', java.version: '17.0.10'
Driver info: org.openqa.selenium.chrome.ChromeDriver
Command: [a4606d394898423a120a447937cb2aff, findElement {using=link text, value= New Releases}]
Capabilities {acceptInsecureCerts: false, browserName: chrome, browserVersion: 126.0.6478.114, chrome: {chromedriverVersion: 126.0.6478.61 (8dc092df54ce..., userDataDir: /var/folders/7d/nv07139j4pd...}, fedcm:accounts: true, goog:chromeOptions: {debuggerAddress: localhost:55642}, networkConnectionEnabled: false, pageLoadStrategy: normal, platformName: mac, proxy: Proxy(), se:cdp: ws://localhost:55642/devtoo..., se:cdpVersion: 126.0.6478.114, setWindowRect: true, strictFileInteractability: false, timeouts: {implicit: 0, pageLoad: 300000, script: 30000}, unhandledPromptBehavior: dismiss and notify, webauthn:extension:credBlob: true, webauthn:extension:largeBlob: true, webauthn:extension:minPinLength: true, webauthn:extension:prf: true, webauthn:virtualAuthenticators: true}
Session ID: a4606d394898423a120a447937cb2aff
at org.openqa.selenium.remote.ErrorCodec.decode(ErrorCodec.java:167)
at org.openqa.selenium.remote.codec.w3c.W3CHttpResponseCodec.decode(W3CHttpResponseCodec.java:138)
at org.openqa.selenium.remote.codec.w3c.W3CHttpResponseCodec.decode(W3CHttpResponseCodec.java:50)
at org.openqa.selenium.remote.HttpCommandExecutor.execute(HttpCommandExecutor.java:190)
at org.openqa.selenium.remote.service.DriverCommandExecutor.invokeExecute(DriverCommandExecutor.java:216)
at org.openqa.selenium.remote.service.DriverCommandExecutor.execute(DriverCommandExecutor.java:174)
at org.openqa.selenium.remote.RemoteWebDriver.execute(RemoteWebDriver.java:518)
at org.openqa.selenium.remote.ElementLocation$ElementFinder$2.findElement(ElementLocation.java:165)
at org.openqa.selenium.remote.ElementLocation.findElement(ElementLocation.java:59)
at org.openqa.selenium.remote.RemoteWebDriver.findElement(RemoteWebDriver.java:355)
at org.openqa.selenium.remote.RemoteWebDriver.findElement(RemoteWebDriver.java:349)
at testNGbasics.DataDriverTesting.positiveMenuLinkFunctionalityTest(DataDriverTesting.java:71)
at java.base/java.util.ArrayList.forEach(ArrayList.java:1511)
... Removed 32 stack frames]]>
    </failure>
  </testcase> <!-- positiveMenuLinkFunctionalityTest -->
  <testcase classname="testNGbasics.DataDriverTesting" name="positiveMenuLinkFunctionalityTest" time="1.291">
    <failure type="java.lang.AssertionError" message="expected [Amazon.com: Today&amp;apos;s Deals] but found [Amazon | Deals]">
      <![CDATA[java.lang.AssertionError: expected [Amazon.com: Today's Deals] but found [Amazon | Deals]
at testNGbasics.DataDriverTesting.positiveMenuLinkFunctionalityTest(DataDriverTesting.java:75)
at java.base/java.util.ArrayList.forEach(ArrayList.java:1511)
... Removed 33 stack frames]]>
    </failure>
  </testcase> <!-- positiveMenuLinkFunctionalityTest -->
  <testcase classname="testNGbasics.DataDriverTesting" name="positiveSearchFunctionalityTest" time="2.143"/>
  <testcase classname="testNGbasics.DataDriverTesting" name="positiveSearchFunctionalityTest" time="2.503">
    <failure type="java.lang.AssertionError" message="expected [Amazon.com :  orange] but found [Amazon.com : orange]">
      <![CDATA[java.lang.AssertionError: expected [Amazon.com :  orange] but found [Amazon.com : orange]
at testNGbasics.DataDriverTesting.positiveSearchFunctionalityTest(DataDriverTesting.java:55)
at java.base/java.util.ArrayList.forEach(ArrayList.java:1511)
... Removed 33 stack frames]]>
    </failure>
  </testcase> <!-- positiveSearchFunctionalityTest -->
  <testcase classname="testNGbasics.DataDriverTesting" name="positiveSearchFunctionalityTest" time="2.374">
    <failure type="java.lang.AssertionError" message="expected [Amazon.com : samsung] but found []">
      <![CDATA[java.lang.AssertionError: expected [Amazon.com : samsung] but found []
at testNGbasics.DataDriverTesting.positiveSearchFunctionalityTest(DataDriverTesting.java:55)
at java.base/java.util.ArrayList.forEach(ArrayList.java:1511)
... Removed 33 stack frames]]>
    </failure>
  </testcase> <!-- positiveSearchFunctionalityTest -->
</testsuite> <!-- Search Functionality Smoke Test -->
