<?xml version="1.0" encoding="UTF-8"?>
<!-- Generated by org.testng.reporters.JUnitXMLReporter -->
<testsuite ignored="0" hostname="Binitas-MacBook-Pro.local" failures="6" tests="12" name="Regression Test" time="111.92" errors="0" timestamp="2024-06-23T10:31:47 GMT-07:00">
  <testcase classname="testNGbasics.DataDriverTesting" name="@AfterMethod backToHomePage" time="15.082">
    <failure type="org.openqa.selenium.TimeoutException" message="timeout: Timed out receiving message from renderer: 15.000
  (Session info: chrome=126.0.6478.114)
Build info: version: &amp;apos;4.21.0&amp;apos;, revision: &amp;apos;79ed462ef4&amp;apos;
System info: os.name: &amp;apos;Mac OS X&amp;apos;, os.arch: &amp;apos;aarch64&amp;apos;, os.version: &amp;apos;14.5&amp;apos;, java.version: &amp;apos;17.0.10&amp;apos;
Driver info: org.openqa.selenium.chrome.ChromeDriver
Command: [71cbbb462b5577c7a6c8c1da8346a5b2, clickElement {id=f.2F6BE7ABA19DD6DABD5E0939D45035A4.d.F7D720D7ADAC1ED85DD879F85D139786.e.407}]
Capabilities {acceptInsecureCerts: false, browserName: chrome, browserVersion: 126.0.6478.114, chrome: {chromedriverVersion: 126.0.6478.61 (8dc092df54ce..., userDataDir: /var/folders/7d/nv07139j4pd...}, fedcm:accounts: true, goog:chromeOptions: {debuggerAddress: localhost:51503}, networkConnectionEnabled: false, pageLoadStrategy: normal, platformName: mac, proxy: Proxy(), se:cdp: ws://localhost:51503/devtoo..., se:cdpVersion: 126.0.6478.114, setWindowRect: true, strictFileInteractability: false, timeouts: {implicit: 0, pageLoad: 300000, script: 30000}, unhandledPromptBehavior: dismiss and notify, webauthn:extension:credBlob: true, webauthn:extension:largeBlob: true, webauthn:extension:minPinLength: true, webauthn:extension:prf: true, webauthn:virtualAuthenticators: true}
Element: [[ChromeDriver: chrome on mac (71cbbb462b5577c7a6c8c1da8346a5b2)] -&amp;gt; id: nav-logo-sprites]
Session ID: 71cbbb462b5577c7a6c8c1da8346a5b2">
      <![CDATA[org.openqa.selenium.TimeoutException: timeout: Timed out receiving message from renderer: 15.000
  (Session info: chrome=126.0.6478.114)
Build info: version: '4.21.0', revision: '79ed462ef4'
System info: os.name: 'Mac OS X', os.arch: 'aarch64', os.version: '14.5', java.version: '17.0.10'
Driver info: org.openqa.selenium.chrome.ChromeDriver
Command: [71cbbb462b5577c7a6c8c1da8346a5b2, clickElement {id=f.2F6BE7ABA19DD6DABD5E0939D45035A4.d.F7D720D7ADAC1ED85DD879F85D139786.e.407}]
Capabilities {acceptInsecureCerts: false, browserName: chrome, browserVersion: 126.0.6478.114, chrome: {chromedriverVersion: 126.0.6478.61 (8dc092df54ce..., userDataDir: /var/folders/7d/nv07139j4pd...}, fedcm:accounts: true, goog:chromeOptions: {debuggerAddress: localhost:51503}, networkConnectionEnabled: false, pageLoadStrategy: normal, platformName: mac, proxy: Proxy(), se:cdp: ws://localhost:51503/devtoo..., se:cdpVersion: 126.0.6478.114, setWindowRect: true, strictFileInteractability: false, timeouts: {implicit: 0, pageLoad: 300000, script: 30000}, unhandledPromptBehavior: dismiss and notify, webauthn:extension:credBlob: true, webauthn:extension:largeBlob: true, webauthn:extension:minPinLength: true, webauthn:extension:prf: true, webauthn:virtualAuthenticators: true}
Element: [[ChromeDriver: chrome on mac (71cbbb462b5577c7a6c8c1da8346a5b2)] -> id: nav-logo-sprites]
Session ID: 71cbbb462b5577c7a6c8c1da8346a5b2
at org.openqa.selenium.remote.ErrorCodec.decode(ErrorCodec.java:167)
at org.openqa.selenium.remote.codec.w3c.W3CHttpResponseCodec.decode(W3CHttpResponseCodec.java:138)
at org.openqa.selenium.remote.codec.w3c.W3CHttpResponseCodec.decode(W3CHttpResponseCodec.java:50)
at org.openqa.selenium.remote.HttpCommandExecutor.execute(HttpCommandExecutor.java:190)
at org.openqa.selenium.remote.service.DriverCommandExecutor.invokeExecute(DriverCommandExecutor.java:216)
at org.openqa.selenium.remote.service.DriverCommandExecutor.execute(DriverCommandExecutor.java:174)
at org.openqa.selenium.remote.RemoteWebDriver.execute(RemoteWebDriver.java:518)
at org.openqa.selenium.remote.RemoteWebElement.execute(RemoteWebElement.java:223)
at org.openqa.selenium.remote.RemoteWebElement.click(RemoteWebElement.java:76)
at testNGbasics.DataDriverTesting.backToHomePage(DataDriverTesting.java:38)
at java.base/java.util.ArrayList.forEach(ArrayList.java:1511)
... Removed 37 stack frames]]>
    </failure>
  </testcase> <!-- @AfterMethod backToHomePage -->
  <testcase classname="testNGbasics.DataDriverTesting" name="@AfterMethod backToHomePage" time="-1.719163885517E9">
    <skipped/>
  </testcase> <!-- @AfterMethod backToHomePage -->
  <testcase classname="testNGbasics.DataDriverTesting" name="@AfterMethod backToHomePage" time="-1.719163885522E9">
    <skipped/>
  </testcase> <!-- @AfterMethod backToHomePage -->
  <testcase classname="testNGbasics.DataDriverTesting" name="@AfterClass tearDown" time="-1.719163885524E9">
    <skipped/>
  </testcase> <!-- @AfterClass tearDown -->
  <testcase classname="testNGbasics.DataDrivenFromDifferentClass" name="negativeSignInFunctionalityTest" time="0.005">
    <failure type="org.testng.internal.reflect.MethodMatcherException" message="
[public void testNGbasics.DataDrivenFromDifferentClass.negativeSignInFunctionalityTest(java.lang.String,java.lang.String,java.lang.Object,java.lang.String)] has no parameters defined but was found to be using a data provider (either explicitly specified or inherited from class level annotation).
Data provider mismatch
Method: negativeSignInFunctionalityTest([Parameter{index=0, type=java.lang.String, declaredAnnotations=[]}, Parameter{index=1, type=java.lang.String, declaredAnnotations=[]}, Parameter{index=2, type=java.lang.Object, declaredAnnotations=[]}, Parameter{index=3, type=java.lang.String, declaredAnnotations=[]}])
Arguments: [(java.lang.String) test@gmail.com,(java.lang.String) abc123]">
      <![CDATA[org.testng.internal.reflect.MethodMatcherException: 
[public void testNGbasics.DataDrivenFromDifferentClass.negativeSignInFunctionalityTest(java.lang.String,java.lang.String,java.lang.Object,java.lang.String)] has no parameters defined but was found to be using a data provider (either explicitly specified or inherited from class level annotation).
Data provider mismatch
Method: negativeSignInFunctionalityTest([Parameter{index=0, type=java.lang.String, declaredAnnotations=[]}, Parameter{index=1, type=java.lang.String, declaredAnnotations=[]}, Parameter{index=2, type=java.lang.Object, declaredAnnotations=[]}, Parameter{index=3, type=java.lang.String, declaredAnnotations=[]}])
Arguments: [(java.lang.String) test@gmail.com,(java.lang.String) abc123]
at java.base/java.util.ArrayList.forEach(ArrayList.java:1511)
... Removed 22 stack frames]]>
    </failure>
  </testcase> <!-- negativeSignInFunctionalityTest -->
  <testcase classname="testNGbasics.DataDrivenFromDifferentClass" name="negativeSignInFunctionalityTestHittingEnterKey" time="0.0">
    <failure type="org.testng.TestNGException" message="
Method public void testNGbasics.DataDrivenFromDifferentClass.negativeSignInFunctionalityTestHittingEnterKey(java.lang.String,java.lang.String,java.lang.Object,java.lang.Object) requires a @DataProvider named : negative login data in class testData.LoginFunctionalityData">
      <![CDATA[org.testng.TestNGException: 
Method public void testNGbasics.DataDrivenFromDifferentClass.negativeSignInFunctionalityTestHittingEnterKey(java.lang.String,java.lang.String,java.lang.Object,java.lang.Object) requires a @DataProvider named : negative login data in class testData.LoginFunctionalityData
at java.base/java.util.ArrayList.forEach(ArrayList.java:1511)
... Removed 24 stack frames]]>
    </failure>
  </testcase> <!-- negativeSignInFunctionalityTestHittingEnterKey -->
  <testcase classname="testNGbasics.UsingAnnotationsAndKeywords" name="positiveMenuLinkFunctionalityTest" time="5.066"/>
  <testcase classname="testNGbasics.UsingAnnotationsAndKeywords" name="positiveSearchFunctionalityTest" time="3.595"/>
  <testcase classname="testNGbasics.DataDriverTesting" name="positiveMenuLinkFunctionalityTest" time="6.621">
    <failure type="java.lang.AssertionError" message="expected [true] but found [false]">
      <![CDATA[java.lang.AssertionError: expected [true] but found [false]
at testNGbasics.DataDriverTesting.positiveMenuLinkFunctionalityTest(DataDriverTesting.java:76)
at java.base/java.util.ArrayList.forEach(ArrayList.java:1511)
... Removed 31 stack frames]]>
    </failure>
  </testcase> <!-- positiveMenuLinkFunctionalityTest -->
  <testcase classname="testNGbasics.DataDriverTesting" name="positiveMenuLinkFunctionalityTest" time="15.056">
    <failure type="org.openqa.selenium.NoSuchElementException" message="no such element: Unable to locate element: {&amp;quot;method&amp;quot;:&amp;quot;link text&amp;quot;,&amp;quot;selector&amp;quot;:&amp;quot; New Releases&amp;quot;}
  (Session info: chrome=126.0.6478.114)
For documentation on this error, please visit: https://www.selenium.dev/documentation/webdriver/troubleshooting/errors#no-such-element-exception
Build info: version: &amp;apos;4.21.0&amp;apos;, revision: &amp;apos;79ed462ef4&amp;apos;
System info: os.name: &amp;apos;Mac OS X&amp;apos;, os.arch: &amp;apos;aarch64&amp;apos;, os.version: &amp;apos;14.5&amp;apos;, java.version: &amp;apos;17.0.10&amp;apos;
Driver info: org.openqa.selenium.chrome.ChromeDriver
Command: [71cbbb462b5577c7a6c8c1da8346a5b2, findElement {using=link text, value= New Releases}]
Capabilities {acceptInsecureCerts: false, browserName: chrome, browserVersion: 126.0.6478.114, chrome: {chromedriverVersion: 126.0.6478.61 (8dc092df54ce..., userDataDir: /var/folders/7d/nv07139j4pd...}, fedcm:accounts: true, goog:chromeOptions: {debuggerAddress: localhost:51503}, networkConnectionEnabled: false, pageLoadStrategy: normal, platformName: mac, proxy: Proxy(), se:cdp: ws://localhost:51503/devtoo..., se:cdpVersion: 126.0.6478.114, setWindowRect: true, strictFileInteractability: false, timeouts: {implicit: 0, pageLoad: 300000, script: 30000}, unhandledPromptBehavior: dismiss and notify, webauthn:extension:credBlob: true, webauthn:extension:largeBlob: true, webauthn:extension:minPinLength: true, webauthn:extension:prf: true, webauthn:virtualAuthenticators: true}
Session ID: 71cbbb462b5577c7a6c8c1da8346a5b2">
      <![CDATA[org.openqa.selenium.NoSuchElementException: no such element: Unable to locate element: {"method":"link text","selector":" New Releases"}
  (Session info: chrome=126.0.6478.114)
For documentation on this error, please visit: https://www.selenium.dev/documentation/webdriver/troubleshooting/errors#no-such-element-exception
Build info: version: '4.21.0', revision: '79ed462ef4'
System info: os.name: 'Mac OS X', os.arch: 'aarch64', os.version: '14.5', java.version: '17.0.10'
Driver info: org.openqa.selenium.chrome.ChromeDriver
Command: [71cbbb462b5577c7a6c8c1da8346a5b2, findElement {using=link text, value= New Releases}]
Capabilities {acceptInsecureCerts: false, browserName: chrome, browserVersion: 126.0.6478.114, chrome: {chromedriverVersion: 126.0.6478.61 (8dc092df54ce..., userDataDir: /var/folders/7d/nv07139j4pd...}, fedcm:accounts: true, goog:chromeOptions: {debuggerAddress: localhost:51503}, networkConnectionEnabled: false, pageLoadStrategy: normal, platformName: mac, proxy: Proxy(), se:cdp: ws://localhost:51503/devtoo..., se:cdpVersion: 126.0.6478.114, setWindowRect: true, strictFileInteractability: false, timeouts: {implicit: 0, pageLoad: 300000, script: 30000}, unhandledPromptBehavior: dismiss and notify, webauthn:extension:credBlob: true, webauthn:extension:largeBlob: true, webauthn:extension:minPinLength: true, webauthn:extension:prf: true, webauthn:virtualAuthenticators: true}
Session ID: 71cbbb462b5577c7a6c8c1da8346a5b2
at org.openqa.selenium.remote.ErrorCodec.decode(ErrorCodec.java:167)
at org.openqa.selenium.remote.codec.w3c.W3CHttpResponseCodec.decode(W3CHttpResponseCodec.java:138)
at org.openqa.selenium.remote.codec.w3c.W3CHttpResponseCodec.decode(W3CHttpResponseCodec.java:50)
at org.openqa.selenium.remote.HttpCommandExecutor.execute(HttpCommandExecutor.java:190)
at org.openqa.selenium.remote.service.DriverCommandExecutor.invokeExecute(DriverCommandExecutor.java:216)
at org.openqa.selenium.remote.service.DriverCommandExecutor.execute(DriverCommandExecutor.java:174)
at org.openqa.selenium.remote.RemoteWebDriver.execute(RemoteWebDriver.java:518)
at org.openqa.selenium.remote.ElementLocation$ElementFinder$2.findElement(ElementLocation.java:165)
at org.openqa.selenium.remote.ElementLocation.findElement(ElementLocation.java:59)
at org.openqa.selenium.remote.RemoteWebDriver.findElement(RemoteWebDriver.java:355)
at org.openqa.selenium.remote.RemoteWebDriver.findElement(RemoteWebDriver.java:349)
at testNGbasics.DataDriverTesting.positiveMenuLinkFunctionalityTest(DataDriverTesting.java:71)
at java.base/java.util.ArrayList.forEach(ArrayList.java:1511)
... Removed 32 stack frames]]>
    </failure>
  </testcase> <!-- positiveMenuLinkFunctionalityTest -->
  <testcase classname="testNGbasics.DataDriverTesting" name="positiveMenuLinkFunctionalityTest" time="3.9">
    <failure type="java.lang.AssertionError" message="expected [Amazon.com: Today&amp;apos;s Deals] but found [Amazon | Deals]">
      <![CDATA[java.lang.AssertionError: expected [Amazon.com: Today's Deals] but found [Amazon | Deals]
at testNGbasics.DataDriverTesting.positiveMenuLinkFunctionalityTest(DataDriverTesting.java:75)
at java.base/java.util.ArrayList.forEach(ArrayList.java:1511)
... Removed 33 stack frames]]>
    </failure>
  </testcase> <!-- positiveMenuLinkFunctionalityTest -->
  <testcase classname="testNGbasics.DataDriverTesting" name="positiveSearchFunctionalityTest" time="6.441"/>
  <testcase classname="testNGbasics.DataDriverTesting" name="positiveSearchFunctionalityTest" time="0.0">
    <skipped/>
  </testcase> <!-- positiveSearchFunctionalityTest -->
  <testcase classname="testNGbasics.DataDriverTesting" name="positiveSearchFunctionalityTest" time="0.0">
    <skipped/>
  </testcase> <!-- positiveSearchFunctionalityTest -->
  <testcase classname="testNGbasics.TestNGbasicCodes" name="handlingAlert" time="18.123">
    <failure type="org.openqa.selenium.NoSuchElementException" message="no such element: Unable to locate element: {&amp;quot;method&amp;quot;:&amp;quot;css selector&amp;quot;,&amp;quot;selector&amp;quot;:&amp;quot;*[name=&amp;apos;submit&amp;apos;]&amp;quot;}
  (Session info: chrome=126.0.6478.114)
For documentation on this error, please visit: https://www.selenium.dev/documentation/webdriver/troubleshooting/errors#no-such-element-exception
Build info: version: &amp;apos;4.21.0&amp;apos;, revision: &amp;apos;79ed462ef4&amp;apos;
System info: os.name: &amp;apos;Mac OS X&amp;apos;, os.arch: &amp;apos;aarch64&amp;apos;, os.version: &amp;apos;14.5&amp;apos;, java.version: &amp;apos;17.0.10&amp;apos;
Driver info: org.openqa.selenium.chrome.ChromeDriver
Command: [4b478851e62934fb13f16f8945f9155b, findElement {using=name, value=submit}]
Capabilities {acceptInsecureCerts: false, browserName: chrome, browserVersion: 126.0.6478.114, chrome: {chromedriverVersion: 126.0.6478.61 (8dc092df54ce..., userDataDir: /var/folders/7d/nv07139j4pd...}, fedcm:accounts: true, goog:chromeOptions: {debuggerAddress: localhost:51637}, networkConnectionEnabled: false, pageLoadStrategy: normal, platformName: mac, proxy: Proxy(), se:cdp: ws://localhost:51637/devtoo..., se:cdpVersion: 126.0.6478.114, setWindowRect: true, strictFileInteractability: false, timeouts: {implicit: 0, pageLoad: 300000, script: 30000}, unhandledPromptBehavior: dismiss and notify, webauthn:extension:credBlob: true, webauthn:extension:largeBlob: true, webauthn:extension:minPinLength: true, webauthn:extension:prf: true, webauthn:virtualAuthenticators: true}
Session ID: 4b478851e62934fb13f16f8945f9155b">
      <![CDATA[org.openqa.selenium.NoSuchElementException: no such element: Unable to locate element: {"method":"css selector","selector":"*[name='submit']"}
  (Session info: chrome=126.0.6478.114)
For documentation on this error, please visit: https://www.selenium.dev/documentation/webdriver/troubleshooting/errors#no-such-element-exception
Build info: version: '4.21.0', revision: '79ed462ef4'
System info: os.name: 'Mac OS X', os.arch: 'aarch64', os.version: '14.5', java.version: '17.0.10'
Driver info: org.openqa.selenium.chrome.ChromeDriver
Command: [4b478851e62934fb13f16f8945f9155b, findElement {using=name, value=submit}]
Capabilities {acceptInsecureCerts: false, browserName: chrome, browserVersion: 126.0.6478.114, chrome: {chromedriverVersion: 126.0.6478.61 (8dc092df54ce..., userDataDir: /var/folders/7d/nv07139j4pd...}, fedcm:accounts: true, goog:chromeOptions: {debuggerAddress: localhost:51637}, networkConnectionEnabled: false, pageLoadStrategy: normal, platformName: mac, proxy: Proxy(), se:cdp: ws://localhost:51637/devtoo..., se:cdpVersion: 126.0.6478.114, setWindowRect: true, strictFileInteractability: false, timeouts: {implicit: 0, pageLoad: 300000, script: 30000}, unhandledPromptBehavior: dismiss and notify, webauthn:extension:credBlob: true, webauthn:extension:largeBlob: true, webauthn:extension:minPinLength: true, webauthn:extension:prf: true, webauthn:virtualAuthenticators: true}
Session ID: 4b478851e62934fb13f16f8945f9155b
at org.openqa.selenium.remote.ErrorCodec.decode(ErrorCodec.java:167)
at org.openqa.selenium.remote.codec.w3c.W3CHttpResponseCodec.decode(W3CHttpResponseCodec.java:138)
at org.openqa.selenium.remote.codec.w3c.W3CHttpResponseCodec.decode(W3CHttpResponseCodec.java:50)
at org.openqa.selenium.remote.HttpCommandExecutor.execute(HttpCommandExecutor.java:190)
at org.openqa.selenium.remote.service.DriverCommandExecutor.invokeExecute(DriverCommandExecutor.java:216)
at org.openqa.selenium.remote.service.DriverCommandExecutor.execute(DriverCommandExecutor.java:174)
at org.openqa.selenium.remote.RemoteWebDriver.execute(RemoteWebDriver.java:518)
at org.openqa.selenium.remote.ElementLocation$ElementFinder$2.findElement(ElementLocation.java:165)
at org.openqa.selenium.remote.ElementLocation.findElement(ElementLocation.java:59)
at org.openqa.selenium.remote.RemoteWebDriver.findElement(RemoteWebDriver.java:355)
at org.openqa.selenium.remote.RemoteWebDriver.findElement(RemoteWebDriver.java:349)
at testNGbasics.TestNGbasicCodes.handlingAlert(TestNGbasicCodes.java:46)
at java.base/java.util.ArrayList.forEach(ArrayList.java:1511)
... Removed 32 stack frames]]>
    </failure>
  </testcase> <!-- handlingAlert -->
  <testcase classname="testNGbasics.TestNGbasicCodes" name="handlingWindows" time="3.88"/>
</testsuite> <!-- Regression Test -->
