<?xml version="1.0" encoding="UTF-8"?>
<testng-results ignored="0" total="6" passed="2" failed="4" skipped="0">
  <reporter-output>
  </reporter-output>
  <suite started-at="2024-06-26T00:04:31 GMT-07:00" name="Suite" finished-at="2024-06-26T00:04:48 GMT-07:00" duration-ms="17240">
    <groups>
      <group name="Regression Test">
        <method signature="UsingAnnotationsAndKeywords.positiveMenuLinkFunctionalityTest()[pri:0, instance:testNGbasics.UsingAnnotationsAndKeywords@4a22f9e2]" name="positiveMenuLinkFunctionalityTest" class="testNGbasics.UsingAnnotationsAndKeywords"/>
        <method signature="UsingAnnotationsAndKeywords.positiveSearchFunctionalityTest()[pri:0, instance:testNGbasics.UsingAnnotationsAndKeywords@4a22f9e2]" name="positiveSearchFunctionalityTest" class="testNGbasics.UsingAnnotationsAndKeywords"/>
      </group> <!-- Regression Test -->
      <group name="Smoke Test">
        <method signature="UsingAnnotationsAndKeywords.positiveMenuLinkFunctionalityTest()[pri:0, instance:testNGbasics.UsingAnnotationsAndKeywords@4a22f9e2]" name="positiveMenuLinkFunctionalityTest" class="testNGbasics.UsingAnnotationsAndKeywords"/>
        <method signature="UsingAnnotationsAndKeywords.positiveSearchFunctionalityTest()[pri:0, instance:testNGbasics.UsingAnnotationsAndKeywords@4a22f9e2]" name="positiveSearchFunctionalityTest" class="testNGbasics.UsingAnnotationsAndKeywords"/>
      </group> <!-- Smoke Test -->
      <group name="Integration Test">
        <method signature="UsingAnnotationsAndKeywords.positiveMenuLinkFunctionalityTest()[pri:0, instance:testNGbasics.UsingAnnotationsAndKeywords@4a22f9e2]" name="positiveMenuLinkFunctionalityTest" class="testNGbasics.UsingAnnotationsAndKeywords"/>
      </group> <!-- Integration Test -->
    </groups>
    <test started-at="2024-06-26T00:04:31 GMT-07:00" name="Test" finished-at="2024-06-26T00:04:48 GMT-07:00" duration-ms="17240">
      <class name="testNGbasics.ParallelModeThreadCountUnderstsnding">
        <test-method is-config="true" signature="initialization()[pri:0, instance:testNGbasics.ParallelModeThreadCountUnderstsnding@5cee5251]" started-at="2024-06-26T00:04:31 GMT-07:00" name="initialization" finished-at="2024-06-26T00:04:36 GMT-07:00" duration-ms="4794" status="PASS">
          <reporter-output>
          </reporter-output>
        </test-method> <!-- initialization -->
        <test-method signature="positiveSearchFunctionalityTest1()[pri:0, instance:testNGbasics.ParallelModeThreadCountUnderstsnding@5cee5251]" started-at="2024-06-26T00:04:36 GMT-07:00" name="positiveSearchFunctionalityTest1" finished-at="2024-06-26T00:04:36 GMT-07:00" duration-ms="14" status="FAIL">
          <exception class="java.lang.IllegalArgumentException">
            <message>
              <![CDATA[Keys to send should be a not null CharSequence]]>
            </message>
            <full-stacktrace>
              <![CDATA[java.lang.IllegalArgumentException: Keys to send should be a not null CharSequence
at org.openqa.selenium.remote.RemoteWebElement.sendKeys(RemoteWebElement.java:96)
at testNGbasics.ParallelModeThreadCountUnderstsnding.positiveSearchFunctionalityTest1(ParallelModeThreadCountUnderstsnding.java:83)
at java.base/jdk.internal.reflect.NativeMethodAccessorImpl.invoke0(Native Method)
at java.base/jdk.internal.reflect.NativeMethodAccessorImpl.invoke(NativeMethodAccessorImpl.java:77)
at java.base/jdk.internal.reflect.DelegatingMethodAccessorImpl.invoke(DelegatingMethodAccessorImpl.java:43)
at java.base/java.lang.reflect.Method.invoke(Method.java:568)
at org.testng.internal.MethodInvocationHelper.invokeMethod(MethodInvocationHelper.java:133)
at org.testng.internal.TestInvoker.invokeMethod(TestInvoker.java:598)
at org.testng.internal.TestInvoker.invokeTestMethod(TestInvoker.java:173)
at org.testng.internal.MethodRunner.runInSequence(MethodRunner.java:46)
at org.testng.internal.TestInvoker$MethodInvocationAgent.invoke(TestInvoker.java:824)
at org.testng.internal.TestInvoker.invokeTestMethods(TestInvoker.java:146)
at org.testng.internal.TestMethodWorker.invokeTestMethods(TestMethodWorker.java:146)
at org.testng.internal.TestMethodWorker.run(TestMethodWorker.java:128)
at java.base/java.util.concurrent.ThreadPoolExecutor.runWorker(ThreadPoolExecutor.java:1136)
at java.base/java.util.concurrent.ThreadPoolExecutor$Worker.run(ThreadPoolExecutor.java:635)
at java.base/java.lang.Thread.run(Thread.java:842)
]]>
            </full-stacktrace>
          </exception> <!-- java.lang.IllegalArgumentException -->
          <reporter-output>
          </reporter-output>
        </test-method> <!-- positiveSearchFunctionalityTest1 -->
        <test-method is-config="true" signature="tearDown()[pri:0, instance:testNGbasics.ParallelModeThreadCountUnderstsnding@5cee5251]" started-at="2024-06-26T00:04:36 GMT-07:00" name="tearDown" finished-at="2024-06-26T00:04:36 GMT-07:00" duration-ms="134" status="PASS">
          <reporter-output>
          </reporter-output>
        </test-method> <!-- tearDown -->
        <test-method is-config="true" signature="initialization()[pri:0, instance:testNGbasics.ParallelModeThreadCountUnderstsnding@5cee5251]" started-at="2024-06-26T00:04:36 GMT-07:00" name="initialization" finished-at="2024-06-26T00:04:40 GMT-07:00" duration-ms="4041" status="PASS">
          <reporter-output>
          </reporter-output>
        </test-method> <!-- initialization -->
        <test-method signature="positiveSearchFunctionalityTest2()[pri:0, instance:testNGbasics.ParallelModeThreadCountUnderstsnding@5cee5251]" started-at="2024-06-26T00:04:40 GMT-07:00" name="positiveSearchFunctionalityTest2" finished-at="2024-06-26T00:04:40 GMT-07:00" duration-ms="9" status="FAIL">
          <exception class="java.lang.IllegalArgumentException">
            <message>
              <![CDATA[Keys to send should be a not null CharSequence]]>
            </message>
            <full-stacktrace>
              <![CDATA[java.lang.IllegalArgumentException: Keys to send should be a not null CharSequence
at org.openqa.selenium.remote.RemoteWebElement.sendKeys(RemoteWebElement.java:96)
at testNGbasics.ParallelModeThreadCountUnderstsnding.positiveSearchFunctionalityTest2(ParallelModeThreadCountUnderstsnding.java:99)
at java.base/jdk.internal.reflect.NativeMethodAccessorImpl.invoke0(Native Method)
at java.base/jdk.internal.reflect.NativeMethodAccessorImpl.invoke(NativeMethodAccessorImpl.java:77)
at java.base/jdk.internal.reflect.DelegatingMethodAccessorImpl.invoke(DelegatingMethodAccessorImpl.java:43)
at java.base/java.lang.reflect.Method.invoke(Method.java:568)
at org.testng.internal.MethodInvocationHelper.invokeMethod(MethodInvocationHelper.java:133)
at org.testng.internal.TestInvoker.invokeMethod(TestInvoker.java:598)
at org.testng.internal.TestInvoker.invokeTestMethod(TestInvoker.java:173)
at org.testng.internal.MethodRunner.runInSequence(MethodRunner.java:46)
at org.testng.internal.TestInvoker$MethodInvocationAgent.invoke(TestInvoker.java:824)
at org.testng.internal.TestInvoker.invokeTestMethods(TestInvoker.java:146)
at org.testng.internal.TestMethodWorker.invokeTestMethods(TestMethodWorker.java:146)
at org.testng.internal.TestMethodWorker.run(TestMethodWorker.java:128)
at java.base/java.util.concurrent.ThreadPoolExecutor.runWorker(ThreadPoolExecutor.java:1136)
at java.base/java.util.concurrent.ThreadPoolExecutor$Worker.run(ThreadPoolExecutor.java:635)
at java.base/java.lang.Thread.run(Thread.java:842)
]]>
            </full-stacktrace>
          </exception> <!-- java.lang.IllegalArgumentException -->
          <reporter-output>
          </reporter-output>
        </test-method> <!-- positiveSearchFunctionalityTest2 -->
        <test-method is-config="true" signature="tearDown()[pri:0, instance:testNGbasics.ParallelModeThreadCountUnderstsnding@5cee5251]" started-at="2024-06-26T00:04:40 GMT-07:00" name="tearDown" finished-at="2024-06-26T00:04:40 GMT-07:00" duration-ms="113" status="PASS">
          <reporter-output>
          </reporter-output>
        </test-method> <!-- tearDown -->
        <test-method is-config="true" signature="initialization()[pri:0, instance:testNGbasics.ParallelModeThreadCountUnderstsnding@5cee5251]" started-at="2024-06-26T00:04:40 GMT-07:00" name="initialization" finished-at="2024-06-26T00:04:45 GMT-07:00" duration-ms="4999" status="PASS">
          <reporter-output>
          </reporter-output>
        </test-method> <!-- initialization -->
        <test-method signature="positiveSearchFunctionalityTest3()[pri:0, instance:testNGbasics.ParallelModeThreadCountUnderstsnding@5cee5251]" started-at="2024-06-26T00:04:45 GMT-07:00" name="positiveSearchFunctionalityTest3" finished-at="2024-06-26T00:04:45 GMT-07:00" duration-ms="9" status="FAIL">
          <exception class="java.lang.IllegalArgumentException">
            <message>
              <![CDATA[Keys to send should be a not null CharSequence]]>
            </message>
            <full-stacktrace>
              <![CDATA[java.lang.IllegalArgumentException: Keys to send should be a not null CharSequence
at org.openqa.selenium.remote.RemoteWebElement.sendKeys(RemoteWebElement.java:96)
at testNGbasics.ParallelModeThreadCountUnderstsnding.positiveSearchFunctionalityTest3(ParallelModeThreadCountUnderstsnding.java:115)
at java.base/jdk.internal.reflect.NativeMethodAccessorImpl.invoke0(Native Method)
at java.base/jdk.internal.reflect.NativeMethodAccessorImpl.invoke(NativeMethodAccessorImpl.java:77)
at java.base/jdk.internal.reflect.DelegatingMethodAccessorImpl.invoke(DelegatingMethodAccessorImpl.java:43)
at java.base/java.lang.reflect.Method.invoke(Method.java:568)
at org.testng.internal.MethodInvocationHelper.invokeMethod(MethodInvocationHelper.java:133)
at org.testng.internal.TestInvoker.invokeMethod(TestInvoker.java:598)
at org.testng.internal.TestInvoker.invokeTestMethod(TestInvoker.java:173)
at org.testng.internal.MethodRunner.runInSequence(MethodRunner.java:46)
at org.testng.internal.TestInvoker$MethodInvocationAgent.invoke(TestInvoker.java:824)
at org.testng.internal.TestInvoker.invokeTestMethods(TestInvoker.java:146)
at org.testng.internal.TestMethodWorker.invokeTestMethods(TestMethodWorker.java:146)
at org.testng.internal.TestMethodWorker.run(TestMethodWorker.java:128)
at java.base/java.util.concurrent.ThreadPoolExecutor.runWorker(ThreadPoolExecutor.java:1136)
at java.base/java.util.concurrent.ThreadPoolExecutor$Worker.run(ThreadPoolExecutor.java:635)
at java.base/java.lang.Thread.run(Thread.java:842)
]]>
            </full-stacktrace>
          </exception> <!-- java.lang.IllegalArgumentException -->
          <reporter-output>
          </reporter-output>
        </test-method> <!-- positiveSearchFunctionalityTest3 -->
        <test-method is-config="true" signature="tearDown()[pri:0, instance:testNGbasics.ParallelModeThreadCountUnderstsnding@5cee5251]" started-at="2024-06-26T00:04:45 GMT-07:00" name="tearDown" finished-at="2024-06-26T00:04:45 GMT-07:00" duration-ms="120" status="PASS">
          <reporter-output>
          </reporter-output>
        </test-method> <!-- tearDown -->
        <test-method is-config="true" signature="initialization()[pri:0, instance:testNGbasics.ParallelModeThreadCountUnderstsnding@5cee5251]" started-at="2024-06-26T00:04:45 GMT-07:00" name="initialization" finished-at="2024-06-26T00:04:48 GMT-07:00" duration-ms="2851" status="PASS">
          <reporter-output>
          </reporter-output>
        </test-method> <!-- initialization -->
        <test-method signature="positiveSearchFunctionalityTest4()[pri:0, instance:testNGbasics.ParallelModeThreadCountUnderstsnding@5cee5251]" started-at="2024-06-26T00:04:48 GMT-07:00" name="positiveSearchFunctionalityTest4" finished-at="2024-06-26T00:04:48 GMT-07:00" duration-ms="7" status="FAIL">
          <exception class="java.lang.IllegalArgumentException">
            <message>
              <![CDATA[Keys to send should be a not null CharSequence]]>
            </message>
            <full-stacktrace>
              <![CDATA[java.lang.IllegalArgumentException: Keys to send should be a not null CharSequence
at org.openqa.selenium.remote.RemoteWebElement.sendKeys(RemoteWebElement.java:96)
at testNGbasics.ParallelModeThreadCountUnderstsnding.positiveSearchFunctionalityTest4(ParallelModeThreadCountUnderstsnding.java:131)
at java.base/jdk.internal.reflect.NativeMethodAccessorImpl.invoke0(Native Method)
at java.base/jdk.internal.reflect.NativeMethodAccessorImpl.invoke(NativeMethodAccessorImpl.java:77)
at java.base/jdk.internal.reflect.DelegatingMethodAccessorImpl.invoke(DelegatingMethodAccessorImpl.java:43)
at java.base/java.lang.reflect.Method.invoke(Method.java:568)
at org.testng.internal.MethodInvocationHelper.invokeMethod(MethodInvocationHelper.java:133)
at org.testng.internal.TestInvoker.invokeMethod(TestInvoker.java:598)
at org.testng.internal.TestInvoker.invokeTestMethod(TestInvoker.java:173)
at org.testng.internal.MethodRunner.runInSequence(MethodRunner.java:46)
at org.testng.internal.TestInvoker$MethodInvocationAgent.invoke(TestInvoker.java:824)
at org.testng.internal.TestInvoker.invokeTestMethods(TestInvoker.java:146)
at org.testng.internal.TestMethodWorker.invokeTestMethods(TestMethodWorker.java:146)
at org.testng.internal.TestMethodWorker.run(TestMethodWorker.java:128)
at java.base/java.util.concurrent.ThreadPoolExecutor.runWorker(ThreadPoolExecutor.java:1136)
at java.base/java.util.concurrent.ThreadPoolExecutor$Worker.run(ThreadPoolExecutor.java:635)
at java.base/java.lang.Thread.run(Thread.java:842)
]]>
            </full-stacktrace>
          </exception> <!-- java.lang.IllegalArgumentException -->
          <reporter-output>
          </reporter-output>
        </test-method> <!-- positiveSearchFunctionalityTest4 -->
        <test-method is-config="true" signature="tearDown()[pri:0, instance:testNGbasics.ParallelModeThreadCountUnderstsnding@5cee5251]" started-at="2024-06-26T00:04:48 GMT-07:00" name="tearDown" finished-at="2024-06-26T00:04:48 GMT-07:00" duration-ms="129" status="PASS">
          <reporter-output>
          </reporter-output>
        </test-method> <!-- tearDown -->
      </class> <!-- testNGbasics.ParallelModeThreadCountUnderstsnding -->
      <class name="testNGbasics.UsingAnnotationsAndKeywords">
        <test-method is-config="true" signature="initialization()[pri:0, instance:testNGbasics.UsingAnnotationsAndKeywords@4a22f9e2]" started-at="2024-06-26T00:04:31 GMT-07:00" name="initialization" finished-at="2024-06-26T00:04:36 GMT-07:00" duration-ms="5464" status="PASS">
          <reporter-output>
          </reporter-output>
        </test-method> <!-- initialization -->
        <test-method signature="positiveMenuLinkFunctionalityTest()[pri:0, instance:testNGbasics.UsingAnnotationsAndKeywords@4a22f9e2]" started-at="2024-06-26T00:04:36 GMT-07:00" name="positiveMenuLinkFunctionalityTest" finished-at="2024-06-26T00:04:38 GMT-07:00" duration-ms="2172" status="PASS">
          <reporter-output>
          </reporter-output>
        </test-method> <!-- positiveMenuLinkFunctionalityTest -->
        <test-method is-config="true" signature="tearDown()[pri:0, instance:testNGbasics.UsingAnnotationsAndKeywords@4a22f9e2]" started-at="2024-06-26T00:04:38 GMT-07:00" name="tearDown" finished-at="2024-06-26T00:04:39 GMT-07:00" duration-ms="149" status="PASS">
          <reporter-output>
          </reporter-output>
        </test-method> <!-- tearDown -->
        <test-method is-config="true" signature="initialization()[pri:0, instance:testNGbasics.UsingAnnotationsAndKeywords@4a22f9e2]" started-at="2024-06-26T00:04:39 GMT-07:00" name="initialization" finished-at="2024-06-26T00:04:43 GMT-07:00" duration-ms="4866" status="PASS">
          <reporter-output>
          </reporter-output>
        </test-method> <!-- initialization -->
        <test-method signature="positiveSearchFunctionalityTest()[pri:0, instance:testNGbasics.UsingAnnotationsAndKeywords@4a22f9e2]" started-at="2024-06-26T00:04:43 GMT-07:00" name="positiveSearchFunctionalityTest" finished-at="2024-06-26T00:04:45 GMT-07:00" duration-ms="1979" status="PASS">
          <reporter-output>
          </reporter-output>
        </test-method> <!-- positiveSearchFunctionalityTest -->
        <test-method is-config="true" signature="tearDown()[pri:0, instance:testNGbasics.UsingAnnotationsAndKeywords@4a22f9e2]" started-at="2024-06-26T00:04:45 GMT-07:00" name="tearDown" finished-at="2024-06-26T00:04:46 GMT-07:00" duration-ms="131" status="PASS">
          <reporter-output>
          </reporter-output>
        </test-method> <!-- tearDown -->
      </class> <!-- testNGbasics.UsingAnnotationsAndKeywords -->
    </test> <!-- Test -->
  </suite> <!-- Suite -->
</testng-results>
