<?xml version="1.0" encoding="UTF-8"?>
<!-- Generated by org.testng.reporters.JUnitXMLReporter -->
<testsuite ignored="2" hostname="Binitas-MacBook-Pro.local" failures="1" tests="2" name="Smoke Test" time="24.489" errors="0" timestamp="2024-06-25T15:16:36 GMT-07:00">
  <testcase classname="testNGbasics.UsingAnnotationsAndKeywords" name="positiveMenuLinkFunctionalityTest" time="4.443"/>
  <testcase classname="testNGbasics.UsingAnnotationsAndKeywords" name="positiveSearchFunctionalityTest" time="2.645">
    <failure type="java.lang.AssertionError" message="expected [Amazon.com : apple] but found []">
      <![CDATA[java.lang.AssertionError: expected [Amazon.com : apple] but found []
at testNGbasics.UsingAnnotationsAndKeywords.positiveSearchFunctionalityTest(UsingAnnotationsAndKeywords.java:51)
at java.base/java.util.ArrayList.forEach(ArrayList.java:1511)
... Removed 33 stack frames]]>
    </failure>
  </testcase> <!-- positiveSearchFunctionalityTest -->
  <testcase classname="testNGbasics.DataDriverTesting" name="positiveMenuLinkFunctionalityTest" time="0.0">
    <ignored/>
  </testcase> <!-- positiveMenuLinkFunctionalityTest -->
  <testcase classname="testNGbasics.DataDriverTesting" name="positiveSearchFunctionalityTest" time="0.0">
    <ignored/>
  </testcase> <!-- positiveSearchFunctionalityTest -->
</testsuite> <!-- Smoke Test -->
